<?xml version="1.0" encoding="UTF-8"?>
<robot generator="Robot 6.0.2 (Python 3.10.6 on linux)" generated="20230613 09:43:56.008" rpa="false" schemaversion="3">
<suite id="s1" name="Task3" source="/home/lubega/Desktop/QA/RF/tasks/task3.robot">
<test id="s1-t1" name="login" line="7">
<kw name="Open Browser" library="SeleniumLibrary">
<arg>https://app.deriv.com</arg>
<arg>chrome</arg>
<doc>Opens a new browser instance to the optional ``url``.</doc>
<msg timestamp="20230613 09:43:56.094" level="INFO">Opening browser 'chrome' to base url 'https://app.deriv.com'.</msg>
<status status="PASS" starttime="20230613 09:43:56.094" endtime="20230613 09:43:58.319"/>
</kw>
<kw name="Set Window Size" library="SeleniumLibrary">
<arg>1280</arg>
<arg>1024</arg>
<doc>Sets current windows size to given ``width`` and ``height``.</doc>
<status status="PASS" starttime="20230613 09:43:58.319" endtime="20230613 09:43:58.433"/>
</kw>
<kw name="Wait Until Page Contains Element" library="SeleniumLibrary">
<arg>dt_login_button</arg>
<arg>5</arg>
<doc>Waits until the element ``locator`` appears on the current page.</doc>
<status status="PASS" starttime="20230613 09:43:58.433" endtime="20230613 09:43:58.454"/>
</kw>
<kw name="Click Element" library="SeleniumLibrary">
<arg>dt_login_button</arg>
<doc>Click the element identified by ``locator``.</doc>
<msg timestamp="20230613 09:43:58.456" level="INFO">Clicking element 'dt_login_button'.</msg>
<status status="PASS" starttime="20230613 09:43:58.455" endtime="20230613 09:44:02.152"/>
</kw>
<kw name="Wait Until Page Contains Element" library="SeleniumLibrary">
<arg>txtEmail</arg>
<arg>5</arg>
<doc>Waits until the element ``locator`` appears on the current page.</doc>
<status status="PASS" starttime="20230613 09:44:02.152" endtime="20230613 09:44:02.166"/>
</kw>
<kw name="Input Text" library="SeleniumLibrary">
<arg>txtEmail</arg>
<arg>${email}</arg>
<doc>Types the given ``text`` into the text field identified by ``locator``.</doc>
<msg timestamp="20230613 09:44:02.168" level="INFO">Typing text 'lubega@besquare.com.my' into text field 'txtEmail'.</msg>
<status status="PASS" starttime="20230613 09:44:02.167" endtime="20230613 09:44:02.240"/>
</kw>
<kw name="Input Password" library="SeleniumLibrary">
<arg>password</arg>
<arg>${password}</arg>
<doc>Types the given password into the text field identified by ``locator``.</doc>
<msg timestamp="20230613 09:44:02.241" level="INFO">Typing password into text field 'password'.</msg>
<msg timestamp="20230613 09:44:02.268" level="INFO">Temporally setting log level to: NONE</msg>
<msg timestamp="20230613 09:44:02.297" level="INFO">Log level changed from NONE to INFO.</msg>
<status status="PASS" starttime="20230613 09:44:02.240" endtime="20230613 09:44:02.297"/>
</kw>
<kw name="Click Button" library="SeleniumLibrary">
<arg>login</arg>
<doc>Clicks the button identified by ``locator``.</doc>
<msg timestamp="20230613 09:44:02.298" level="INFO">Clicking button 'login'.</msg>
<status status="PASS" starttime="20230613 09:44:02.298" endtime="20230613 09:44:04.399"/>
</kw>
<status status="PASS" starttime="20230613 09:43:56.093" endtime="20230613 09:44:04.400"/>
</test>
<test id="s1-t2" name="switch to demo" line="16">
<kw name="Wait Until Page Contains Element" library="SeleniumLibrary">
<arg>${dropdown_btn}</arg>
<arg>10</arg>
<doc>Waits until the element ``locator`` appears on the current page.</doc>
<status status="PASS" starttime="20230613 09:44:04.400" endtime="20230613 09:44:05.478"/>
</kw>
<kw name="Wait Until Element Is Visible" library="SeleniumLibrary">
<arg>${dropdown_btn}</arg>
<arg>10</arg>
<doc>Waits until the element ``locator`` is visible.</doc>
<status status="PASS" starttime="20230613 09:44:05.478" endtime="20230613 09:44:05.506"/>
</kw>
<kw name="Click Element" library="SeleniumLibrary">
<arg>${dropdown_btn}</arg>
<doc>Click the element identified by ``locator``.</doc>
<msg timestamp="20230613 09:44:05.508" level="INFO">Clicking element '//span[@class="dc-text dc-dropdown__display-text"]'.</msg>
<status status="PASS" starttime="20230613 09:44:05.507" endtime="20230613 09:44:05.558"/>
</kw>
<kw name="Wait Until Page Contains Element" library="SeleniumLibrary">
<arg>${demo_btn}</arg>
<arg>10</arg>
<doc>Waits until the element ``locator`` appears on the current page.</doc>
<status status="PASS" starttime="20230613 09:44:05.558" endtime="20230613 09:44:05.601"/>
</kw>
<kw name="Wait Until Element Is Visible" library="SeleniumLibrary">
<arg>${demo_btn}</arg>
<arg>10</arg>
<doc>Waits until the element ``locator`` is visible.</doc>
<status status="PASS" starttime="20230613 09:44:05.601" endtime="20230613 09:44:05.837"/>
</kw>
<kw name="Wait Until Page Contains Element" library="SeleniumLibrary">
<arg>${real_btn}</arg>
<arg>10</arg>
<doc>Waits until the element ``locator`` appears on the current page.</doc>
<status status="PASS" starttime="20230613 09:44:05.837" endtime="20230613 09:44:05.849"/>
</kw>
<kw name="Click Element" library="SeleniumLibrary">
<arg>${demo_btn}</arg>
<doc>Click the element identified by ``locator``.</doc>
<msg timestamp="20230613 09:44:05.849" level="INFO">Clicking element '//div[@id="demo"]'.</msg>
<status status="PASS" starttime="20230613 09:44:05.849" endtime="20230613 09:44:05.934"/>
</kw>
<kw name="Wait Until Page Contains Element" library="SeleniumLibrary">
<arg>${reset_balance_btn}</arg>
<arg>5</arg>
<doc>Waits until the element ``locator`` appears on the current page.</doc>
<status status="PASS" starttime="20230613 09:44:05.934" endtime="20230613 09:44:06.385"/>
</kw>
<kw name="Wait Until Page Contains Element" library="SeleniumLibrary">
<arg>${deriv_trader_btn}</arg>
<arg>5</arg>
<doc>Waits until the element ``locator`` appears on the current page.</doc>
<status status="PASS" starttime="20230613 09:44:06.386" endtime="20230613 09:44:07.070"/>
</kw>
<kw name="Click Element" library="SeleniumLibrary">
<arg>${deriv_trader_btn}</arg>
<doc>Click the element identified by ``locator``.</doc>
<msg timestamp="20230613 09:44:07.070" level="INFO">Clicking element '//button[@class="dc-btn dc-btn--primary"]'.</msg>
<status status="PASS" starttime="20230613 09:44:07.070" endtime="20230613 09:44:07.169"/>
</kw>
<kw name="Sleep" library="BuiltIn">
<arg>10</arg>
<doc>Pauses the test executed for the given time.</doc>
<msg timestamp="20230613 09:44:17.170" level="INFO">Slept 10 seconds</msg>
<status status="PASS" starttime="20230613 09:44:07.169" endtime="20230613 09:44:17.170"/>
</kw>
<status status="PASS" starttime="20230613 09:44:04.400" endtime="20230613 09:44:17.170"/>
</test>
<test id="s1-t3" name="buy lower contract" line="28">
<kw name="Wait Until Page Contains Element" library="SeleniumLibrary">
<arg>${cq_menu}</arg>
<arg>60</arg>
<doc>Waits until the element ``locator`` appears on the current page.</doc>
<status status="PASS" starttime="20230613 09:44:17.172" endtime="20230613 09:44:17.197"/>
</kw>
<kw name="Wait Until Element Is Visible" library="SeleniumLibrary">
<arg>${cq_menu}</arg>
<arg>60</arg>
<doc>Waits until the element ``locator`` is visible.</doc>
<status status="PASS" starttime="20230613 09:44:17.197" endtime="20230613 09:44:17.215"/>
</kw>
<kw name="Click Element" library="SeleniumLibrary">
<arg>${cq_menu}</arg>
<doc>Click the element identified by ``locator``.</doc>
<msg timestamp="20230613 09:44:17.216" level="INFO">Clicking element '//div[@class="cq-symbol-select-btn"]'.</msg>
<status status="PASS" starttime="20230613 09:44:17.215" endtime="20230613 09:44:17.269"/>
</kw>
<kw name="Wait Until Page Contains Element" library="SeleniumLibrary">
<arg>${AUD/USD}</arg>
<arg>10</arg>
<doc>Waits until the element ``locator`` appears on the current page.</doc>
<status status="PASS" starttime="20230613 09:44:17.269" endtime="20230613 09:44:17.283"/>
</kw>
<kw name="Wait Until Element Is Visible" library="SeleniumLibrary">
<arg>${AUD/USD}</arg>
<arg>10</arg>
<doc>Waits until the element ``locator`` is visible.</doc>
<status status="PASS" starttime="20230613 09:44:17.284" endtime="20230613 09:44:17.752"/>
</kw>
<kw name="Click Element" library="SeleniumLibrary">
<arg>${AUD/USD}</arg>
<doc>Click the element identified by ``locator``.</doc>
<msg timestamp="20230613 09:44:17.753" level="INFO">Clicking element '//span[@class="ic-frx ic-frxAUDUSD"]'.</msg>
<status status="PASS" starttime="20230613 09:44:17.752" endtime="20230613 09:44:17.854"/>
</kw>
<kw name="Wait Until Page Contains Element" library="SeleniumLibrary">
<arg>${contract_dropdown}</arg>
<arg>10</arg>
<doc>Waits until the element ``locator`` appears on the current page.</doc>
<status status="PASS" starttime="20230613 09:44:17.855" endtime="20230613 09:44:18.295"/>
</kw>
<kw name="Wait Until Element Is Visible" library="SeleniumLibrary">
<arg>${contract_dropdown}</arg>
<arg>10</arg>
<doc>Waits until the element ``locator`` is visible.</doc>
<status status="PASS" starttime="20230613 09:44:18.295" endtime="20230613 09:44:18.311"/>
</kw>
<kw name="Click Element" library="SeleniumLibrary">
<arg>${contract_dropdown}</arg>
<doc>Click the element identified by ``locator``.</doc>
<msg timestamp="20230613 09:44:18.312" level="INFO">Clicking element '//div[@data-testid="dt_contract_dropdown"]'.</msg>
<status status="PASS" starttime="20230613 09:44:18.312" endtime="20230613 09:44:18.362"/>
</kw>
<kw name="Wait Until Page Contains Element" library="SeleniumLibrary">
<arg>${high_low_btn}</arg>
<arg>10</arg>
<doc>Waits until the element ``locator`` appears on the current page.</doc>
<status status="PASS" starttime="20230613 09:44:18.363" endtime="20230613 09:44:18.373"/>
</kw>
<kw name="Wait Until Element Is Visible" library="SeleniumLibrary">
<arg>${high_low_btn}</arg>
<arg>10</arg>
<doc>Waits until the element ``locator`` is visible.</doc>
<status status="PASS" starttime="20230613 09:44:18.373" endtime="20230613 09:44:18.620"/>
</kw>
<kw name="Click Element" library="SeleniumLibrary">
<arg>${high_low_btn}</arg>
<doc>Click the element identified by ``locator``.</doc>
<msg timestamp="20230613 09:44:18.621" level="INFO">Clicking element '//div[@id="dt_contract_high_low_item"]'.</msg>
<status status="PASS" starttime="20230613 09:44:18.620" endtime="20230613 09:44:18.734"/>
</kw>
<kw name="Wait Until Page Contains Element" library="SeleniumLibrary">
<arg>${days_input}</arg>
<arg>10</arg>
<doc>Waits until the element ``locator`` appears on the current page.</doc>
<status status="PASS" starttime="20230613 09:44:18.734" endtime="20230613 09:44:18.749"/>
</kw>
<kw name="Click Element" library="SeleniumLibrary">
<arg>${days_input}</arg>
<doc>Click the element identified by ``locator``.</doc>
<msg timestamp="20230613 09:44:18.750" level="INFO">Clicking element '//input[@class="dc-input__field"]'.</msg>
<status status="PASS" starttime="20230613 09:44:18.749" endtime="20230613 09:44:18.960"/>
</kw>
<kw name="Wait Until Page Contains Element" library="SeleniumLibrary">
<arg>${2_days}</arg>
<arg>10</arg>
<doc>Waits until the element ``locator`` appears on the current page.</doc>
<status status="PASS" starttime="20230613 09:44:18.961" endtime="20230613 09:44:18.976"/>
</kw>
<kw name="Click Element" library="SeleniumLibrary">
<arg>${2_days}</arg>
<doc>Click the element identified by ``locator``.</doc>
<msg timestamp="20230613 09:44:18.977" level="INFO">Clicking element '//span[@data-duration="2 Days"]'.</msg>
<status status="PASS" starttime="20230613 09:44:18.977" endtime="20230613 09:44:19.077"/>
</kw>
<kw name="Wait Until Page Contains Element" library="SeleniumLibrary">
<arg>${payout_btn}</arg>
<arg>10</arg>
<doc>Waits until the element ``locator`` appears on the current page.</doc>
<status status="PASS" starttime="20230613 09:44:19.077" endtime="20230613 09:44:19.121"/>
</kw>
<kw name="Click Element" library="SeleniumLibrary">
<arg>${payout_btn}</arg>
<doc>Click the element identified by ``locator``.</doc>
<msg timestamp="20230613 09:44:19.121" level="INFO">Clicking element '//button[@id="dc_payout_toggle_item"]'.</msg>
<status status="PASS" starttime="20230613 09:44:19.121" endtime="20230613 09:44:19.187"/>
</kw>
<kw name="Wait Until Page Contains Element" library="SeleniumLibrary">
<arg>${payout_input}</arg>
<arg>10</arg>
<doc>Waits until the element ``locator`` appears on the current page.</doc>
<status status="PASS" starttime="20230613 09:44:19.188" endtime="20230613 09:44:19.217"/>
</kw>
<kw name="Click Element" library="SeleniumLibrary">
<arg>${payout_input}</arg>
<doc>Click the element identified by ``locator``.</doc>
<msg timestamp="20230613 09:44:19.218" level="INFO">Clicking element '//input[@id="dt_amount_input"]'.</msg>
<status status="PASS" starttime="20230613 09:44:19.218" endtime="20230613 09:44:19.283"/>
</kw>
<kw name="Press Keys" library="SeleniumLibrary">
<arg>${payout_input}</arg>
<arg>CTRL+A+BACKSPACE</arg>
<doc>Simulates the user pressing key(s) to an element or on the active browser.</doc>
<msg timestamp="20230613 09:44:19.284" level="INFO">Sending key(s) ('CTRL+A+BACKSPACE',) to //input[@id="dt_amount_input"] element.</msg>
<msg timestamp="20230613 09:44:19.579" level="INFO">Pressing special key CONTROL down.</msg>
<msg timestamp="20230613 09:44:19.579" level="INFO">Sending key A</msg>
<msg timestamp="20230613 09:44:19.579" level="INFO">Pressing special key BACKSPACE down.</msg>
<msg timestamp="20230613 09:44:19.579" level="INFO">Releasing special key CONTROL.</msg>
<msg timestamp="20230613 09:44:19.580" level="INFO">Releasing special key BACKSPACE.</msg>
<status status="PASS" starttime="20230613 09:44:19.283" endtime="20230613 09:44:19.602"/>
</kw>
<kw name="Input Text" library="SeleniumLibrary">
<arg>${payout_input}</arg>
<arg>15.50</arg>
<doc>Types the given ``text`` into the text field identified by ``locator``.</doc>
<msg timestamp="20230613 09:44:19.602" level="INFO">Typing text '15.50' into text field '//input[@id="dt_amount_input"]'.</msg>
<status status="PASS" starttime="20230613 09:44:19.602" endtime="20230613 09:44:19.697"/>
</kw>
<kw name="Run Keyword And Return Status" library="BuiltIn">
<var>${check_disabled}</var>
<arg>Wait Until Element Is Visible</arg>
<arg>${contract_lower_disabled}</arg>
<arg>10</arg>
<doc>Runs the given keyword with given arguments and returns the status as a Boolean value.</doc>
<kw name="Wait Until Element Is Visible" library="SeleniumLibrary">
<arg>${contract_lower_disabled}</arg>
<arg>10</arg>
<doc>Waits until the element ``locator`` is visible.</doc>
<msg timestamp="20230613 09:44:29.869" level="INFO" html="true">&lt;/td&gt;&lt;/tr&gt;&lt;tr&gt;&lt;td colspan="3"&gt;&lt;a href="selenium-screenshot-4.png"&gt;&lt;img src="selenium-screenshot-4.png" width="800px"&gt;&lt;/a&gt;</msg>
<msg timestamp="20230613 09:44:29.869" level="FAIL">Element '//button[@class="btn-purchase--disabled"]' not visible after 10 seconds.</msg>
<status status="FAIL" starttime="20230613 09:44:19.698" endtime="20230613 09:44:29.870"/>
</kw>
<msg timestamp="20230613 09:44:29.870" level="INFO">${check_disabled} = False</msg>
<status status="PASS" starttime="20230613 09:44:19.697" endtime="20230613 09:44:29.870"/>
</kw>
<if>
<branch type="IF" condition="(${check_disabled})">
<kw name="Wait Until Page Contains Element" library="SeleniumLibrary">
<arg>${contract_lower}</arg>
<arg>10</arg>
<doc>Waits until the element ``locator`` appears on the current page.</doc>
<status status="NOT RUN" starttime="20230613 09:44:29.870" endtime="20230613 09:44:29.870"/>
</kw>
<kw name="Wait Until Element Is Visible" library="SeleniumLibrary">
<arg>${contract_lower}</arg>
<arg>10</arg>
<doc>Waits until the element ``locator`` is visible.</doc>
<status status="NOT RUN" starttime="20230613 09:44:29.871" endtime="20230613 09:44:29.871"/>
</kw>
<kw name="Click Element" library="SeleniumLibrary">
<arg>${contract_lower}</arg>
<doc>Click the element identified by ``locator``.</doc>
<status status="NOT RUN" starttime="20230613 09:44:29.871" endtime="20230613 09:44:29.871"/>
</kw>
<status status="NOT RUN" starttime="20230613 09:44:29.870" endtime="20230613 09:44:29.871"/>
</branch>
<branch type="ELSE">
<kw name="Click Element" library="SeleniumLibrary">
<arg>${contract_lower}</arg>
<doc>Click the element identified by ``locator``.</doc>
<msg timestamp="20230613 09:44:29.871" level="INFO">Clicking element '//button[@id="dt_purchase_put_button"]'.</msg>
<status status="PASS" starttime="20230613 09:44:29.871" endtime="20230613 09:44:29.948"/>
</kw>
<status status="PASS" starttime="20230613 09:44:29.871" endtime="20230613 09:44:29.948"/>
</branch>
<status status="PASS" starttime="20230613 09:44:29.870" endtime="20230613 09:44:29.948"/>
</if>
<kw name="Wait Until Page Contains Element" library="SeleniumLibrary">
<arg>${contract_card_red}</arg>
<arg>10</arg>
<doc>Waits until the element ``locator`` appears on the current page.</doc>
<status status="PASS" starttime="20230613 09:44:29.949" endtime="20230613 09:44:32.118"/>
</kw>
<kw name="Sleep" library="BuiltIn">
<arg>5</arg>
<doc>Pauses the test executed for the given time.</doc>
<msg timestamp="20230613 09:44:37.120" level="INFO">Slept 5 seconds</msg>
<status status="PASS" starttime="20230613 09:44:32.119" endtime="20230613 09:44:37.120"/>
</kw>
<status status="PASS" starttime="20230613 09:44:17.171" endtime="20230613 09:44:37.120"/>
</test>
<doc>buy lower contract</doc>
<status status="PASS" starttime="20230613 09:43:56.008" endtime="20230613 09:44:37.122"/>
</suite>
<statistics>
<total>
<stat pass="3" fail="0" skip="0">All Tests</stat>
</total>
<tag>
</tag>
<suite>
<stat pass="3" fail="0" skip="0" id="s1" name="Task3">Task3</stat>
</suite>
</statistics>
<errors>
</errors>
</robot>
